Build started 05.03.2018 3:42:40.
     1>Project "D:\jbmod\props\props.vcxproj" on node 2 (build target(s)).
     1>C:\Program Files (x86)\MSBuild\Microsoft.Cpp\v4.0\Microsoft.CppBuild.targets(299,5): warning MSB8004: каталог Output заканчивается не косой чертой.  Этот экземпляр построения добавит косую черту, поскольку она необходима для правильного определения каталога Output.
     1>InitializeBuildStatus:
         Creating "Debug\props.unsuccessfulbuild" because "AlwaysCreate" was specified.
       ClCompile:
         C:\Program Files (x86)\Microsoft Visual Studio 10.0\VC\bin\CL.exe /c /ID:\source2006\game_shared /ID:\source2006\dlls /ID:\source2006\public\tier1 /ID:\source2006\public\tier0 /ID:\source2006\public /ID:\source2006\common /ID:\source2006\ /ZI /nologo /W3 /WX- /Od /Oy- /D _WINDLL /D _MBCS /Gm /EHsc /RTC1 /MDd /GS /fp:precise /Zc:wchar_t /Zc:forScope /Fo"Debug\\" /Fd"Debug\vc100.pdb" /Gd /TP /analyze- /errorReport:prompt plugin.cpp
         plugin.cpp
       Link:
         C:\Program Files (x86)\Microsoft Visual Studio 10.0\VC\bin\link.exe /ERRORREPORT:PROMPT /OUT:"..\..\Steam\steamapps\common\Source SDK Base\bin\props.dll" /NOLOGO /LIBPATH:D:\source2006\lib\public mathlib.lib vstdlib.lib tier0.lib tier1.lib kernel32.lib user32.lib gdi32.lib winspool.lib comdlg32.lib advapi32.lib shell32.lib ole32.lib oleaut32.lib uuid.lib odbc32.lib odbccp32.lib /NODEFAULTLIB:LIBCMT.lib /MANIFEST /ManifestFile:"Debug\props.dll.intermediate.manifest" /MANIFESTUAC:"level='asInvoker' uiAccess='false'" /DEBUG /PDB:"D:\Steam\steamapps\common\Source SDK Base\bin\props.pdb" /TLBID:1 /DYNAMICBASE /NXCOMPAT /IMPLIB:"..\..\Steam\steamapps\common\Source SDK Base\bin\props.lib" /MACHINE:X86 /DLL Debug\extern.obj
         Debug\plugin.obj
         Debug\sigscan.obj
         LINK : не найден или не выполнена сборка ..\..\Steam\steamapps\common\Source SDK Base\bin\props.dll при последней инкрементной компоновке; выполняется полная компоновка
            Создается библиотека ..\..\Steam\steamapps\common\Source SDK Base\bin\props.lib и объект ..\..\Steam\steamapps\common\Source SDK Base\bin\props.exp
         props.vcxproj -> D:\jbmod\props\..\..\Steam\steamapps\common\Source SDK Base\bin\props.dll
       Manifest:
         C:\Program Files (x86)\Microsoft SDKs\Windows\v7.0A\bin\mt.exe /nologo /verbose /outputresource:"..\..\Steam\steamapps\common\Source SDK Base\bin\props.dll;#2" /manifest Debug\props.dll.intermediate.manifest
       FinalizeBuildStatus:
         Deleting file "Debug\props.unsuccessfulbuild".
         Touching "Debug\props.lastbuildstate".
     1>Done Building Project "D:\jbmod\props\props.vcxproj" (build target(s)).

Построение успешно завершено.

Time Elapsed 00:00:01.67
