..\..\Steam\steamapps\common\Source SDK Base\bin\props.ilk
..\..\Steam\steamapps\common\Source SDK Base\bin\props.pdb
D:\jbmod\props\..\..\Steam\steamapps\common\Source SDK Base\bin\props.dll
D:\jbmod\props\Debug\cl.command.1.tlog
D:\jbmod\props\Debug\CL.read.1.tlog
D:\jbmod\props\Debug\CL.write.1.tlog
D:\JBMOD\PROPS\DEBUG\EXTERN.OBJ
D:\jbmod\props\Debug\link.command.1.tlog
D:\jbmod\props\Debug\link.read.1.tlog
D:\jbmod\props\Debug\link.write.1.tlog
D:\jbmod\props\Debug\mt.command.1.tlog
D:\jbmod\props\Debug\mt.read.1.tlog
D:\jbmod\props\Debug\mt.write.1.tlog
D:\JBMOD\PROPS\DEBUG\PROPS.DLL.INTERMEDIATE.MANIFEST
D:\jbmod\props\Debug\props.write.1.tlog
D:\JBMOD\PROPS\DEBUG\SIGSCAN.OBJ
D:\jbmod\props\Debug\vc100.idb
D:\JBMOD\PROPS\DEBUG\VC100.PDB
D:\STEAM\STEAMAPPS\COMMON\SOURCE SDK BASE\BIN\PROPS.DLL
D:\Steam\steamapps\common\Source SDK Base\bin\props.exp
D:\STEAM\STEAMAPPS\COMMON\SOURCE SDK BASE\BIN\PROPS.ILK
D:\Steam\steamapps\common\Source SDK Base\bin\props.lib
D:\STEAM\STEAMAPPS\COMMON\SOURCE SDK BASE\BIN\PROPS.PDB
