..\..\Steam\steamapps\common\Source SDK Base\bin\props.ilk
..\..\Steam\steamapps\common\Source SDK Base\bin\props.pdb
D:\jbmod\props\..\..\Steam\steamapps\common\Source SDK Base\bin\props.dll
D:\jbmod\props\Release\cl.command.1.tlog
D:\jbmod\props\Release\CL.read.1.tlog
D:\jbmod\props\Release\CL.write.1.tlog
D:\JBMOD\PROPS\RELEASE\EXTERN.OBJ
D:\jbmod\props\Release\link.command.1.tlog
D:\jbmod\props\Release\link.read.1.tlog
D:\jbmod\props\Release\link.write.1.tlog
D:\jbmod\props\Release\mt.command.1.tlog
D:\jbmod\props\Release\mt.read.1.tlog
D:\jbmod\props\Release\mt.write.1.tlog
D:\JBMOD\PROPS\RELEASE\PLUGIN.OBJ
D:\JBMOD\PROPS\RELEASE\PROPS.DLL.INTERMEDIATE.MANIFEST
D:\jbmod\props\Release\props.write.1.tlog
D:\JBMOD\PROPS\RELEASE\SIGSCAN.OBJ
D:\JBMOD\PROPS\RELEASE\VC100.PDB
D:\STEAM\STEAMAPPS\COMMON\SOURCE SDK BASE\BIN\PROPS.DLL
D:\Steam\steamapps\common\Source SDK Base\bin\props.exp
D:\Steam\steamapps\common\Source SDK Base\bin\props.lib
D:\STEAM\STEAMAPPS\COMMON\SOURCE SDK BASE\BIN\PROPS.PDB
